<?xml version="1.0" encoding="UTF-8"?>
<!-- Generated by org.testng.reporters.JUnitXMLReporter -->
<testsuite hostname="STUDENT12" ignored="1" name="Default test" tests="2" failures="0" timestamp="01 Dec 2017 12:33:04 GMT" time="21.296" errors="0">
  <testcase name="logIn" time="12.656" classname="qa.consulting.com.AutomatedTesting.AutomationPracticeTest"/>
  <testcase name="testOverlay" time="4.933" classname="qa.consulting.com.AutomatedTesting.AutomationPracticeTest"/>
  <testcase name="signIn" time="0.0" classname="qa.consulting.com.AutomatedTesting.AutomationPracticeTest">
    <ignored/>
  </testcase> <!-- signIn -->
</testsuite> <!-- Default test -->
